total 32
drwxr-xr-x 4 taras taras 4096 тра 29 15:26 Desktop
-rw-r--r-- 1 taras taras 5176 бер 17 20:58 errors.txt
drwxr-xr-x 6 taras taras 4096 тра 29 15:46 gitlab
drwxr-xr-x 2 taras taras 4096 бер  3 19:37 Pictures
drwxrwxr-x 5 taras taras 4096 тра 26 16:56 PycharmProjects
drwxr-xr-x 2 taras taras 4096 тра 27 12:48 scripts
drwxr-xr-x 3 taras taras 4096 бер 18 12:32 snap
total 32
drwxr-xr-x 4 taras taras 4096 тра 29 15:26 Desktop
-rw-r--r-- 1 taras taras 5176 бер 17 20:58 errors.txt
drwxr-xr-x 6 taras taras 4096 тра 29 15:46 gitlab
drwxr-xr-x 2 taras taras 4096 бер  3 19:37 Pictures
drwxrwxr-x 5 taras taras 4096 тра 26 16:56 PycharmProjects
drwxr-xr-x 2 taras taras 4096 тра 27 12:48 scripts
drwxr-xr-x 3 taras taras 4096 бер 18 12:32 snap
total 36
drwxr-xr-x 4 taras taras 4096 тра 29 15:26 Desktop
-rw-r--r-- 1 taras taras 5176 бер 17 20:58 errors.txt
drwxr-xr-x 2 taras taras 4096 чер  2 21:38 gg
drwxr-xr-x 6 taras taras 4096 тра 29 15:46 gitlab
drwxr-xr-x 2 taras taras 4096 бер  3 19:37 Pictures
drwxrwxr-x 5 taras taras 4096 тра 26 16:56 PycharmProjects
drwxr-xr-x 2 taras taras 4096 тра 27 12:48 scripts
drwxr-xr-x 3 taras taras 4096 бер 18 12:32 snap
total 36
drwxr-xr-x 4 taras taras 4096 тра 29 15:26 Desktop
-rw-r--r-- 1 taras taras 5176 бер 17 20:58 errors.txt
drwxr-xr-x 2 taras taras 4096 чер  2 21:38 gg
drwxr-xr-x 6 taras taras 4096 тра 29 15:46 gitlab
drwxr-xr-x 2 taras taras 4096 бер  3 19:37 Pictures
drwxrwxr-x 5 taras taras 4096 тра 26 16:56 PycharmProjects
drwxr-xr-x 2 taras taras 4096 тра 27 12:48 scripts
drwxr-xr-x 3 taras taras 4096 бер 18 12:32 snap
total 36
drwxr-xr-x 4 taras taras 4096 тра 29 15:26 Desktop
-rw-r--r-- 1 taras taras 5176 бер 17 20:58 errors.txt
drwxr-xr-x 2 taras taras 4096 чер  2 21:38 gg
drwxr-xr-x 6 taras taras 4096 тра 29 15:46 gitlab
drwxr-xr-x 2 taras taras 4096 бер  3 19:37 Pictures
drwxrwxr-x 5 taras taras 4096 тра 26 16:56 PycharmProjects
drwxr-xr-x 2 taras taras 4096 тра 27 12:48 scripts
drwxr-xr-x 3 taras taras 4096 бер 18 12:32 snap
total 36
drwxr-xr-x 4 taras taras 4096 тра 29 15:26 Desktop
-rw-r--r-- 1 taras taras 5176 бер 17 20:58 errors.txt
drwxr-xr-x 2 taras taras 4096 чер  2 21:38 gg
drwxr-xr-x 6 taras taras 4096 тра 29 15:46 gitlab
drwxr-xr-x 2 taras taras 4096 бер  3 19:37 Pictures
drwxrwxr-x 5 taras taras 4096 тра 26 16:56 PycharmProjects
drwxr-xr-x 2 taras taras 4096 тра 27 12:48 scripts
drwxr-xr-x 3 taras taras 4096 бер 18 12:32 snap
total 36
drwxr-xr-x 4 taras taras 4096 тра 29 15:26 Desktop
-rw-r--r-- 1 taras taras 5176 бер 17 20:58 errors.txt
drwxr-xr-x 2 taras taras 4096 чер  2 21:38 gg
drwxr-xr-x 6 taras taras 4096 тра 29 15:46 gitlab
drwxr-xr-x 2 taras taras 4096 бер  3 19:37 Pictures
drwxrwxr-x 5 taras taras 4096 тра 26 16:56 PycharmProjects
drwxr-xr-x 2 taras taras 4096 тра 27 12:48 scripts
drwxr-xr-x 3 taras taras 4096 бер 18 12:32 snap
total 36
drwxr-xr-x 4 taras taras 4096 тра 29 15:26 Desktop
-rw-r--r-- 1 taras taras 5176 бер 17 20:58 errors.txt
drwxr-xr-x 2 taras taras 4096 чер  2 21:38 gg
drwxr-xr-x 6 taras taras 4096 тра 29 15:46 gitlab
drwxr-xr-x 2 taras taras 4096 бер  3 19:37 Pictures
drwxrwxr-x 5 taras taras 4096 тра 26 16:56 PycharmProjects
drwxr-xr-x 2 taras taras 4096 тра 27 12:48 scripts
drwxr-xr-x 3 taras taras 4096 бер 18 12:32 snap
total 36
drwxr-xr-x 4 taras taras 4096 тра 29 15:26 Desktop
-rw-r--r-- 1 taras taras 5176 бер 17 20:58 errors.txt
drwxr-xr-x 2 taras taras 4096 чер  2 21:38 gg
drwxr-xr-x 6 taras taras 4096 тра 29 15:46 gitlab
drwxr-xr-x 2 taras taras 4096 бер  3 19:37 Pictures
drwxrwxr-x 5 taras taras 4096 тра 26 16:56 PycharmProjects
drwxr-xr-x 2 taras taras 4096 тра 27 12:48 scripts
drwxr-xr-x 3 taras taras 4096 бер 18 12:32 snap
total 36
drwxr-xr-x 4 taras taras 4096 тра 29 15:26 Desktop
-rw-r--r-- 1 taras taras 5176 бер 17 20:58 errors.txt
drwxr-xr-x 2 taras taras 4096 чер  2 21:38 gg
drwxr-xr-x 6 taras taras 4096 тра 29 15:46 gitlab
drwxr-xr-x 2 taras taras 4096 бер  3 19:37 Pictures
drwxrwxr-x 5 taras taras 4096 тра 26 16:56 PycharmProjects
drwxr-xr-x 2 taras taras 4096 тра 27 12:48 scripts
drwxr-xr-x 3 taras taras 4096 бер 18 12:32 snap
total 36
drwxr-xr-x 4 taras taras 4096 тра 29 15:26 Desktop
-rw-r--r-- 1 taras taras 5176 бер 17 20:58 errors.txt
drwxr-xr-x 2 taras taras 4096 чер  2 21:38 gg
drwxr-xr-x 6 taras taras 4096 тра 29 15:46 gitlab
drwxr-xr-x 2 taras taras 4096 бер  3 19:37 Pictures
drwxrwxr-x 5 taras taras 4096 тра 26 16:56 PycharmProjects
drwxr-xr-x 2 taras taras 4096 тра 27 12:48 scripts
drwxr-xr-x 3 taras taras 4096 бер 18 12:32 snap
total 36
drwxr-xr-x 4 taras taras 4096 тра 29 15:26 Desktop
-rw-r--r-- 1 taras taras 5176 бер 17 20:58 errors.txt
drwxr-xr-x 2 taras taras 4096 чер  2 21:38 gg
drwxr-xr-x 6 taras taras 4096 тра 29 15:46 gitlab
drwxr-xr-x 2 taras taras 4096 бер  3 19:37 Pictures
drwxrwxr-x 5 taras taras 4096 тра 26 16:56 PycharmProjects
drwxr-xr-x 2 taras taras 4096 тра 27 12:48 scripts
drwxr-xr-x 3 taras taras 4096 бер 18 12:32 snap
total 36
drwxr-xr-x 4 taras taras 4096 тра 29 15:26 Desktop
-rw-r--r-- 1 taras taras 5176 бер 17 20:58 errors.txt
drwxr-xr-x 2 taras taras 4096 чер  2 21:38 gg
drwxr-xr-x 6 taras taras 4096 тра 29 15:46 gitlab
drwxr-xr-x 2 taras taras 4096 бер  3 19:37 Pictures
drwxrwxr-x 5 taras taras 4096 тра 26 16:56 PycharmProjects
drwxr-xr-x 2 taras taras 4096 тра 27 12:48 scripts
drwxr-xr-x 3 taras taras 4096 бер 18 12:32 snap
total 36
drwxr-xr-x 4 taras taras 4096 тра 29 15:26 Desktop
-rw-r--r-- 1 taras taras 5176 бер 17 20:58 errors.txt
drwxr-xr-x 2 taras taras 4096 чер  2 21:38 gg
drwxr-xr-x 6 taras taras 4096 тра 29 15:46 gitlab
drwxr-xr-x 2 taras taras 4096 бер  3 19:37 Pictures
drwxrwxr-x 5 taras taras 4096 тра 26 16:56 PycharmProjects
drwxr-xr-x 2 taras taras 4096 тра 27 12:48 scripts
drwxr-xr-x 3 taras taras 4096 бер 18 12:32 snap
total 36
drwxr-xr-x 4 taras taras 4096 тра 29 15:26 Desktop
-rw-r--r-- 1 taras taras 5176 бер 17 20:58 errors.txt
drwxr-xr-x 2 taras taras 4096 чер  2 21:38 gg
drwxr-xr-x 6 taras taras 4096 тра 29 15:46 gitlab
drwxr-xr-x 2 taras taras 4096 бер  3 19:37 Pictures
drwxrwxr-x 5 taras taras 4096 тра 26 16:56 PycharmProjects
drwxr-xr-x 2 taras taras 4096 тра 27 12:48 scripts
drwxr-xr-x 3 taras taras 4096 бер 18 12:32 snap
total 36
drwxr-xr-x 4 taras taras 4096 тра 29 15:26 Desktop
-rw-r--r-- 1 taras taras 5176 бер 17 20:58 errors.txt
drwxr-xr-x 2 taras taras 4096 чер  2 21:38 gg
drwxr-xr-x 6 taras taras 4096 тра 29 15:46 gitlab
drwxr-xr-x 2 taras taras 4096 бер  3 19:37 Pictures
drwxrwxr-x 5 taras taras 4096 тра 26 16:56 PycharmProjects
drwxr-xr-x 2 taras taras 4096 тра 27 12:48 scripts
drwxr-xr-x 3 taras taras 4096 бер 18 12:32 snap
total 36
drwxr-xr-x 4 taras taras 4096 тра 29 15:26 Desktop
-rw-r--r-- 1 taras taras 5176 бер 17 20:58 errors.txt
drwxr-xr-x 2 taras taras 4096 чер  2 21:38 gg
drwxr-xr-x 6 taras taras 4096 тра 29 15:46 gitlab
drwxr-xr-x 2 taras taras 4096 бер  3 19:37 Pictures
drwxrwxr-x 5 taras taras 4096 тра 26 16:56 PycharmProjects
drwxr-xr-x 2 taras taras 4096 тра 27 12:48 scripts
drwxr-xr-x 3 taras taras 4096 бер 18 12:32 snap
total 36
drwxr-xr-x 4 taras taras 4096 тра 29 15:26 Desktop
-rw-r--r-- 1 taras taras 5176 бер 17 20:58 errors.txt
drwxr-xr-x 2 taras taras 4096 чер  2 21:38 gg
drwxr-xr-x 6 taras taras 4096 тра 29 15:46 gitlab
drwxr-xr-x 2 taras taras 4096 бер  3 19:37 Pictures
drwxrwxr-x 5 taras taras 4096 тра 26 16:56 PycharmProjects
drwxr-xr-x 2 taras taras 4096 тра 27 12:48 scripts
drwxr-xr-x 3 taras taras 4096 бер 18 12:32 snap
total 36
drwxr-xr-x 4 taras taras 4096 тра 29 15:26 Desktop
-rw-r--r-- 1 taras taras 5176 бер 17 20:58 errors.txt
drwxr-xr-x 2 taras taras 4096 чер  2 21:38 gg
drwxr-xr-x 6 taras taras 4096 тра 29 15:46 gitlab
drwxr-xr-x 2 taras taras 4096 бер  3 19:37 Pictures
drwxrwxr-x 5 taras taras 4096 тра 26 16:56 PycharmProjects
drwxr-xr-x 2 taras taras 4096 тра 27 12:48 scripts
drwxr-xr-x 3 taras taras 4096 бер 18 12:32 snap
total 36
drwxr-xr-x 4 taras taras 4096 тра 29 15:26 Desktop
-rw-r--r-- 1 taras taras 5176 бер 17 20:58 errors.txt
drwxr-xr-x 2 taras taras 4096 чер  2 21:38 gg
drwxr-xr-x 6 taras taras 4096 тра 29 15:46 gitlab
drwxr-xr-x 2 taras taras 4096 бер  3 19:37 Pictures
drwxrwxr-x 5 taras taras 4096 тра 26 16:56 PycharmProjects
drwxr-xr-x 2 taras taras 4096 тра 27 12:48 scripts
drwxr-xr-x 3 taras taras 4096 бер 18 12:32 snap
total 36
drwxr-xr-x 4 taras taras 4096 тра 29 15:26 Desktop
-rw-r--r-- 1 taras taras 5176 бер 17 20:58 errors.txt
drwxr-xr-x 2 taras taras 4096 чер  2 21:38 gg
drwxr-xr-x 6 taras taras 4096 тра 29 15:46 gitlab
drwxr-xr-x 2 taras taras 4096 бер  3 19:37 Pictures
drwxrwxr-x 5 taras taras 4096 тра 26 16:56 PycharmProjects
drwxr-xr-x 2 taras taras 4096 тра 27 12:48 scripts
drwxr-xr-x 3 taras taras 4096 бер 18 12:32 snap
total 36
drwxr-xr-x 4 taras taras 4096 тра 29 15:26 Desktop
-rw-r--r-- 1 taras taras 5176 бер 17 20:58 errors.txt
drwxr-xr-x 2 taras taras 4096 чер  2 21:38 gg
drwxr-xr-x 6 taras taras 4096 тра 29 15:46 gitlab
drwxr-xr-x 2 taras taras 4096 бер  3 19:37 Pictures
drwxrwxr-x 5 taras taras 4096 тра 26 16:56 PycharmProjects
drwxr-xr-x 2 taras taras 4096 тра 27 12:48 scripts
drwxr-xr-x 3 taras taras 4096 бер 18 12:32 snap
total 36
drwxr-xr-x 4 taras taras 4096 тра 29 15:26 Desktop
-rw-r--r-- 1 taras taras 5176 бер 17 20:58 errors.txt
drwxr-xr-x 2 taras taras 4096 чер  2 21:38 gg
drwxr-xr-x 6 taras taras 4096 тра 29 15:46 gitlab
drwxr-xr-x 2 taras taras 4096 бер  3 19:37 Pictures
drwxrwxr-x 5 taras taras 4096 тра 26 16:56 PycharmProjects
drwxr-xr-x 2 taras taras 4096 тра 27 12:48 scripts
drwxr-xr-x 3 taras taras 4096 бер 18 12:32 snap
total 36
drwxr-xr-x 4 taras taras 4096 тра 29 15:26 Desktop
-rw-r--r-- 1 taras taras 5176 бер 17 20:58 errors.txt
drwxr-xr-x 2 taras taras 4096 чер  2 21:38 gg
drwxr-xr-x 6 taras taras 4096 тра 29 15:46 gitlab
drwxr-xr-x 2 taras taras 4096 бер  3 19:37 Pictures
drwxrwxr-x 5 taras taras 4096 тра 26 16:56 PycharmProjects
drwxr-xr-x 2 taras taras 4096 тра 27 12:48 scripts
drwxr-xr-x 3 taras taras 4096 бер 18 12:32 snap
total 36
drwxr-xr-x 4 taras taras 4096 тра 29 15:26 Desktop
-rw-r--r-- 1 taras taras 5176 бер 17 20:58 errors.txt
drwxr-xr-x 2 taras taras 4096 чер  2 21:38 gg
drwxr-xr-x 6 taras taras 4096 тра 29 15:46 gitlab
drwxr-xr-x 2 taras taras 4096 бер  3 19:37 Pictures
drwxrwxr-x 5 taras taras 4096 тра 26 16:56 PycharmProjects
drwxr-xr-x 2 taras taras 4096 тра 27 12:48 scripts
drwxr-xr-x 3 taras taras 4096 бер 18 12:32 snap
total 36
drwxr-xr-x 4 taras taras 4096 тра 29 15:26 Desktop
-rw-r--r-- 1 taras taras 5176 бер 17 20:58 errors.txt
drwxr-xr-x 2 taras taras 4096 чер  2 21:38 gg
drwxr-xr-x 6 taras taras 4096 тра 29 15:46 gitlab
drwxr-xr-x 2 taras taras 4096 бер  3 19:37 Pictures
drwxrwxr-x 5 taras taras 4096 тра 26 16:56 PycharmProjects
drwxr-xr-x 2 taras taras 4096 тра 27 12:48 scripts
drwxr-xr-x 3 taras taras 4096 бер 18 12:32 snap
total 36
drwxr-xr-x 4 taras taras 4096 тра 29 15:26 Desktop
-rw-r--r-- 1 taras taras 5176 бер 17 20:58 errors.txt
drwxr-xr-x 2 taras taras 4096 чер  2 21:38 gg
drwxr-xr-x 6 taras taras 4096 тра 29 15:46 gitlab
drwxr-xr-x 2 taras taras 4096 бер  3 19:37 Pictures
drwxrwxr-x 5 taras taras 4096 тра 26 16:56 PycharmProjects
drwxr-xr-x 2 taras taras 4096 тра 27 12:48 scripts
drwxr-xr-x 3 taras taras 4096 бер 18 12:32 snap
total 36
drwxr-xr-x 4 taras taras 4096 тра 29 15:26 Desktop
-rw-r--r-- 1 taras taras 5176 бер 17 20:58 errors.txt
drwxr-xr-x 2 taras taras 4096 чер  2 21:38 gg
drwxr-xr-x 6 taras taras 4096 тра 29 15:46 gitlab
drwxr-xr-x 2 taras taras 4096 бер  3 19:37 Pictures
drwxrwxr-x 5 taras taras 4096 тра 26 16:56 PycharmProjects
drwxr-xr-x 2 taras taras 4096 тра 27 12:48 scripts
drwxr-xr-x 3 taras taras 4096 бер 18 12:32 snap
total 36
drwxr-xr-x 4 taras taras 4096 тра 29 15:26 Desktop
-rw-r--r-- 1 taras taras 5176 бер 17 20:58 errors.txt
drwxr-xr-x 2 taras taras 4096 чер  2 21:38 gg
drwxr-xr-x 6 taras taras 4096 тра 29 15:46 gitlab
drwxr-xr-x 2 taras taras 4096 бер  3 19:37 Pictures
drwxrwxr-x 5 taras taras 4096 тра 26 16:56 PycharmProjects
drwxr-xr-x 2 taras taras 4096 тра 27 12:48 scripts
drwxr-xr-x 3 taras taras 4096 бер 18 12:32 snap
total 36
drwxr-xr-x 4 taras taras 4096 тра 29 15:26 Desktop
-rw-r--r-- 1 taras taras 5176 бер 17 20:58 errors.txt
drwxr-xr-x 2 taras taras 4096 чер  2 21:38 gg
drwxr-xr-x 6 taras taras 4096 тра 29 15:46 gitlab
drwxr-xr-x 2 taras taras 4096 бер  3 19:37 Pictures
drwxrwxr-x 5 taras taras 4096 тра 26 16:56 PycharmProjects
drwxr-xr-x 2 taras taras 4096 тра 27 12:48 scripts
drwxr-xr-x 3 taras taras 4096 бер 18 12:32 snap
total 36
drwxr-xr-x 4 taras taras 4096 тра 29 15:26 Desktop
-rw-r--r-- 1 taras taras 5176 бер 17 20:58 errors.txt
drwxr-xr-x 2 taras taras 4096 чер  2 21:38 gg
drwxr-xr-x 6 taras taras 4096 тра 29 15:46 gitlab
drwxr-xr-x 2 taras taras 4096 бер  3 19:37 Pictures
drwxrwxr-x 5 taras taras 4096 тра 26 16:56 PycharmProjects
drwxr-xr-x 2 taras taras 4096 тра 27 12:48 scripts
drwxr-xr-x 3 taras taras 4096 бер 18 12:32 snap
total 36
drwxr-xr-x 4 taras taras 4096 тра 29 15:26 Desktop
-rw-r--r-- 1 taras taras 5176 бер 17 20:58 errors.txt
drwxr-xr-x 2 taras taras 4096 чер  2 21:38 gg
drwxr-xr-x 6 taras taras 4096 тра 29 15:46 gitlab
drwxr-xr-x 2 taras taras 4096 бер  3 19:37 Pictures
drwxrwxr-x 5 taras taras 4096 тра 26 16:56 PycharmProjects
drwxr-xr-x 2 taras taras 4096 тра 27 12:48 scripts
drwxr-xr-x 3 taras taras 4096 бер 18 12:32 snap
total 36
drwxr-xr-x 4 taras taras 4096 тра 29 15:26 Desktop
-rw-r--r-- 1 taras taras 5176 бер 17 20:58 errors.txt
drwxr-xr-x 2 taras taras 4096 чер  2 21:38 gg
drwxr-xr-x 6 taras taras 4096 тра 29 15:46 gitlab
drwxr-xr-x 2 taras taras 4096 бер  3 19:37 Pictures
drwxrwxr-x 5 taras taras 4096 тра 26 16:56 PycharmProjects
drwxr-xr-x 2 taras taras 4096 тра 27 12:48 scripts
drwxr-xr-x 3 taras taras 4096 бер 18 12:32 snap
total 36
drwxr-xr-x 4 taras taras 4096 тра 29 15:26 Desktop
-rw-r--r-- 1 taras taras 5176 бер 17 20:58 errors.txt
drwxr-xr-x 2 taras taras 4096 чер  2 21:38 gg
drwxr-xr-x 6 taras taras 4096 тра 29 15:46 gitlab
drwxr-xr-x 2 taras taras 4096 бер  3 19:37 Pictures
drwxrwxr-x 5 taras taras 4096 тра 26 16:56 PycharmProjects
drwxr-xr-x 2 taras taras 4096 тра 27 12:48 scripts
drwxr-xr-x 3 taras taras 4096 бер 18 12:32 snap
total 36
drwxr-xr-x 4 taras taras 4096 тра 29 15:26 Desktop
-rw-r--r-- 1 taras taras 5176 бер 17 20:58 errors.txt
drwxr-xr-x 2 taras taras 4096 чер  2 21:38 gg
drwxr-xr-x 6 taras taras 4096 тра 29 15:46 gitlab
drwxr-xr-x 2 taras taras 4096 бер  3 19:37 Pictures
drwxrwxr-x 5 taras taras 4096 тра 26 16:56 PycharmProjects
drwxr-xr-x 2 taras taras 4096 тра 27 12:48 scripts
drwxr-xr-x 3 taras taras 4096 бер 18 12:32 snap
total 36
drwxr-xr-x 4 taras taras 4096 тра 29 15:26 Desktop
-rw-r--r-- 1 taras taras 5176 бер 17 20:58 errors.txt
drwxr-xr-x 2 taras taras 4096 чер  2 21:38 gg
drwxr-xr-x 6 taras taras 4096 тра 29 15:46 gitlab
drwxr-xr-x 2 taras taras 4096 бер  3 19:37 Pictures
drwxrwxr-x 5 taras taras 4096 тра 26 16:56 PycharmProjects
drwxr-xr-x 2 taras taras 4096 тра 27 12:48 scripts
drwxr-xr-x 3 taras taras 4096 бер 18 12:32 snap
total 36
drwxr-xr-x 4 taras taras 4096 тра 29 15:26 Desktop
-rw-r--r-- 1 taras taras 5176 бер 17 20:58 errors.txt
drwxr-xr-x 2 taras taras 4096 чер  2 21:38 gg
drwxr-xr-x 6 taras taras 4096 тра 29 15:46 gitlab
drwxr-xr-x 2 taras taras 4096 бер  3 19:37 Pictures
drwxrwxr-x 5 taras taras 4096 тра 26 16:56 PycharmProjects
drwxr-xr-x 2 taras taras 4096 тра 27 12:48 scripts
drwxr-xr-x 3 taras taras 4096 бер 18 12:32 snap
total 36
drwxr-xr-x 4 taras taras 4096 тра 29 15:26 Desktop
-rw-r--r-- 1 taras taras 5176 бер 17 20:58 errors.txt
drwxr-xr-x 2 taras taras 4096 чер  2 21:38 gg
drwxr-xr-x 6 taras taras 4096 тра 29 15:46 gitlab
drwxr-xr-x 2 taras taras 4096 бер  3 19:37 Pictures
drwxrwxr-x 5 taras taras 4096 тра 26 16:56 PycharmProjects
drwxr-xr-x 2 taras taras 4096 тра 27 12:48 scripts
drwxr-xr-x 3 taras taras 4096 бер 18 12:32 snap
total 36
drwxr-xr-x 4 taras taras 4096 тра 29 15:26 Desktop
-rw-r--r-- 1 taras taras 5176 бер 17 20:58 errors.txt
drwxr-xr-x 2 taras taras 4096 чер  2 21:38 gg
drwxr-xr-x 6 taras taras 4096 тра 29 15:46 gitlab
drwxr-xr-x 2 taras taras 4096 бер  3 19:37 Pictures
drwxrwxr-x 5 taras taras 4096 тра 26 16:56 PycharmProjects
drwxr-xr-x 2 taras taras 4096 тра 27 12:48 scripts
drwxr-xr-x 3 taras taras 4096 бер 18 12:32 snap
total 36
drwxr-xr-x 4 taras taras 4096 тра 29 15:26 Desktop
-rw-r--r-- 1 taras taras 5176 бер 17 20:58 errors.txt
drwxr-xr-x 2 taras taras 4096 чер  2 21:38 gg
drwxr-xr-x 6 taras taras 4096 тра 29 15:46 gitlab
drwxr-xr-x 2 taras taras 4096 бер  3 19:37 Pictures
drwxrwxr-x 5 taras taras 4096 тра 26 16:56 PycharmProjects
drwxr-xr-x 2 taras taras 4096 тра 27 12:48 scripts
drwxr-xr-x 3 taras taras 4096 бер 18 12:32 snap
total 36
drwxr-xr-x 4 taras taras 4096 тра 29 15:26 Desktop
-rw-r--r-- 1 taras taras 5176 бер 17 20:58 errors.txt
drwxr-xr-x 2 taras taras 4096 чер  2 21:38 gg
drwxr-xr-x 6 taras taras 4096 тра 29 15:46 gitlab
drwxr-xr-x 2 taras taras 4096 бер  3 19:37 Pictures
drwxrwxr-x 5 taras taras 4096 тра 26 16:56 PycharmProjects
drwxr-xr-x 2 taras taras 4096 тра 27 12:48 scripts
drwxr-xr-x 3 taras taras 4096 бер 18 12:32 snap
total 36
drwxr-xr-x 4 taras taras 4096 тра 29 15:26 Desktop
-rw-r--r-- 1 taras taras 5176 бер 17 20:58 errors.txt
drwxr-xr-x 2 taras taras 4096 чер  2 21:38 gg
drwxr-xr-x 6 taras taras 4096 тра 29 15:46 gitlab
drwxr-xr-x 2 taras taras 4096 бер  3 19:37 Pictures
drwxrwxr-x 5 taras taras 4096 тра 26 16:56 PycharmProjects
drwxr-xr-x 2 taras taras 4096 тра 27 12:48 scripts
drwxr-xr-x 3 taras taras 4096 бер 18 12:32 snap
total 36
drwxr-xr-x 4 taras taras 4096 тра 29 15:26 Desktop
-rw-r--r-- 1 taras taras 5176 бер 17 20:58 errors.txt
drwxr-xr-x 2 taras taras 4096 чер  2 21:38 gg
drwxr-xr-x 6 taras taras 4096 тра 29 15:46 gitlab
drwxr-xr-x 2 taras taras 4096 бер  3 19:37 Pictures
drwxrwxr-x 5 taras taras 4096 тра 26 16:56 PycharmProjects
drwxr-xr-x 2 taras taras 4096 тра 27 12:48 scripts
drwxr-xr-x 3 taras taras 4096 бер 18 12:32 snap
total 36
drwxr-xr-x 4 taras taras 4096 тра 29 15:26 Desktop
-rw-r--r-- 1 taras taras 5176 бер 17 20:58 errors.txt
drwxr-xr-x 2 taras taras 4096 чер  2 21:38 gg
drwxr-xr-x 6 taras taras 4096 тра 29 15:46 gitlab
drwxr-xr-x 2 taras taras 4096 бер  3 19:37 Pictures
drwxrwxr-x 5 taras taras 4096 тра 26 16:56 PycharmProjects
drwxr-xr-x 2 taras taras 4096 тра 27 12:48 scripts
drwxr-xr-x 3 taras taras 4096 бер 18 12:32 snap
total 36
drwxr-xr-x 4 taras taras 4096 тра 29 15:26 Desktop
-rw-r--r-- 1 taras taras 5176 бер 17 20:58 errors.txt
drwxr-xr-x 2 taras taras 4096 чер  2 21:38 gg
drwxr-xr-x 6 taras taras 4096 тра 29 15:46 gitlab
drwxr-xr-x 2 taras taras 4096 бер  3 19:37 Pictures
drwxrwxr-x 5 taras taras 4096 тра 26 16:56 PycharmProjects
drwxr-xr-x 2 taras taras 4096 тра 27 12:48 scripts
drwxr-xr-x 3 taras taras 4096 бер 18 12:32 snap
total 36
drwxr-xr-x 4 taras taras 4096 тра 29 15:26 Desktop
-rw-r--r-- 1 taras taras 5176 бер 17 20:58 errors.txt
drwxr-xr-x 2 taras taras 4096 чер  2 21:38 gg
drwxr-xr-x 6 taras taras 4096 тра 29 15:46 gitlab
drwxr-xr-x 2 taras taras 4096 бер  3 19:37 Pictures
drwxrwxr-x 5 taras taras 4096 тра 26 16:56 PycharmProjects
drwxr-xr-x 2 taras taras 4096 тра 27 12:48 scripts
drwxr-xr-x 3 taras taras 4096 бер 18 12:32 snap
total 36
drwxr-xr-x 4 taras taras 4096 тра 29 15:26 Desktop
-rw-r--r-- 1 taras taras 5176 бер 17 20:58 errors.txt
drwxr-xr-x 2 taras taras 4096 чер  2 21:38 gg
drwxr-xr-x 6 taras taras 4096 тра 29 15:46 gitlab
drwxr-xr-x 2 taras taras 4096 бер  3 19:37 Pictures
drwxrwxr-x 5 taras taras 4096 тра 26 16:56 PycharmProjects
drwxr-xr-x 2 taras taras 4096 тра 27 12:48 scripts
drwxr-xr-x 3 taras taras 4096 бер 18 12:32 snap
total 36
drwxr-xr-x 4 taras taras 4096 тра 29 15:26 Desktop
-rw-r--r-- 1 taras taras 5176 бер 17 20:58 errors.txt
drwxr-xr-x 2 taras taras 4096 чер  2 21:38 gg
drwxr-xr-x 6 taras taras 4096 тра 29 15:46 gitlab
drwxr-xr-x 2 taras taras 4096 бер  3 19:37 Pictures
drwxrwxr-x 5 taras taras 4096 тра 26 16:56 PycharmProjects
drwxr-xr-x 2 taras taras 4096 тра 27 12:48 scripts
drwxr-xr-x 3 taras taras 4096 бер 18 12:32 snap
total 36
drwxr-xr-x 4 taras taras 4096 тра 29 15:26 Desktop
-rw-r--r-- 1 taras taras 5176 бер 17 20:58 errors.txt
drwxr-xr-x 2 taras taras 4096 чер  2 21:38 gg
drwxr-xr-x 6 taras taras 4096 тра 29 15:46 gitlab
drwxr-xr-x 2 taras taras 4096 бер  3 19:37 Pictures
drwxrwxr-x 5 taras taras 4096 тра 26 16:56 PycharmProjects
drwxr-xr-x 2 taras taras 4096 тра 27 12:48 scripts
drwxr-xr-x 3 taras taras 4096 бер 18 12:32 snap
total 36
drwxr-xr-x 4 taras taras 4096 тра 29 15:26 Desktop
-rw-r--r-- 1 taras taras 5176 бер 17 20:58 errors.txt
drwxr-xr-x 2 taras taras 4096 чер  2 21:38 gg
drwxr-xr-x 6 taras taras 4096 тра 29 15:46 gitlab
drwxr-xr-x 2 taras taras 4096 бер  3 19:37 Pictures
drwxrwxr-x 5 taras taras 4096 тра 26 16:56 PycharmProjects
drwxr-xr-x 2 taras taras 4096 тра 27 12:48 scripts
drwxr-xr-x 3 taras taras 4096 бер 18 12:32 snap
total 36
drwxr-xr-x 4 taras taras 4096 тра 29 15:26 Desktop
-rw-r--r-- 1 taras taras 5176 бер 17 20:58 errors.txt
drwxr-xr-x 2 taras taras 4096 чер  2 21:38 gg
drwxr-xr-x 6 taras taras 4096 тра 29 15:46 gitlab
drwxr-xr-x 2 taras taras 4096 бер  3 19:37 Pictures
drwxrwxr-x 5 taras taras 4096 тра 26 16:56 PycharmProjects
drwxr-xr-x 2 taras taras 4096 тра 27 12:48 scripts
drwxr-xr-x 3 taras taras 4096 бер 18 12:32 snap
total 36
drwxr-xr-x 4 taras taras 4096 тра 29 15:26 Desktop
-rw-r--r-- 1 taras taras 5176 бер 17 20:58 errors.txt
drwxr-xr-x 2 taras taras 4096 чер  2 21:38 gg
drwxr-xr-x 6 taras taras 4096 тра 29 15:46 gitlab
drwxr-xr-x 2 taras taras 4096 бер  3 19:37 Pictures
drwxrwxr-x 5 taras taras 4096 тра 26 16:56 PycharmProjects
drwxr-xr-x 2 taras taras 4096 тра 27 12:48 scripts
drwxr-xr-x 3 taras taras 4096 бер 18 12:32 snap
total 36
drwxr-xr-x 4 taras taras 4096 тра 29 15:26 Desktop
-rw-r--r-- 1 taras taras 5176 бер 17 20:58 errors.txt
drwxr-xr-x 2 taras taras 4096 чер  2 21:38 gg
drwxr-xr-x 6 taras taras 4096 тра 29 15:46 gitlab
drwxr-xr-x 2 taras taras 4096 бер  3 19:37 Pictures
drwxrwxr-x 5 taras taras 4096 тра 26 16:56 PycharmProjects
drwxr-xr-x 2 taras taras 4096 тра 27 12:48 scripts
drwxr-xr-x 3 taras taras 4096 бер 18 12:32 snap
total 36
drwxr-xr-x 4 taras taras 4096 тра 29 15:26 Desktop
-rw-r--r-- 1 taras taras 5176 бер 17 20:58 errors.txt
drwxr-xr-x 2 taras taras 4096 чер  2 21:38 gg
drwxr-xr-x 6 taras taras 4096 тра 29 15:46 gitlab
drwxr-xr-x 2 taras taras 4096 бер  3 19:37 Pictures
drwxrwxr-x 5 taras taras 4096 тра 26 16:56 PycharmProjects
drwxr-xr-x 2 taras taras 4096 тра 27 12:48 scripts
drwxr-xr-x 3 taras taras 4096 бер 18 12:32 snap
total 36
drwxr-xr-x 4 taras taras 4096 тра 29 15:26 Desktop
-rw-r--r-- 1 taras taras 5176 бер 17 20:58 errors.txt
drwxr-xr-x 2 taras taras 4096 чер  2 21:38 gg
drwxr-xr-x 6 taras taras 4096 тра 29 15:46 gitlab
drwxr-xr-x 2 taras taras 4096 бер  3 19:37 Pictures
drwxrwxr-x 5 taras taras 4096 тра 26 16:56 PycharmProjects
drwxr-xr-x 2 taras taras 4096 тра 27 12:48 scripts
drwxr-xr-x 3 taras taras 4096 бер 18 12:32 snap
total 36
drwxr-xr-x 4 taras taras 4096 тра 29 15:26 Desktop
-rw-r--r-- 1 taras taras 5176 бер 17 20:58 errors.txt
drwxr-xr-x 2 taras taras 4096 чер  2 21:38 gg
drwxr-xr-x 6 taras taras 4096 тра 29 15:46 gitlab
drwxr-xr-x 2 taras taras 4096 бер  3 19:37 Pictures
drwxrwxr-x 5 taras taras 4096 тра 26 16:56 PycharmProjects
drwxr-xr-x 2 taras taras 4096 тра 27 12:48 scripts
drwxr-xr-x 3 taras taras 4096 бер 18 12:32 snap
total 36
drwxr-xr-x 4 taras taras 4096 тра 29 15:26 Desktop
-rw-r--r-- 1 taras taras 5176 бер 17 20:58 errors.txt
drwxr-xr-x 2 taras taras 4096 чер  2 21:38 gg
drwxr-xr-x 6 taras taras 4096 тра 29 15:46 gitlab
drwxr-xr-x 2 taras taras 4096 бер  3 19:37 Pictures
drwxrwxr-x 5 taras taras 4096 тра 26 16:56 PycharmProjects
drwxr-xr-x 2 taras taras 4096 тра 27 12:48 scripts
drwxr-xr-x 3 taras taras 4096 бер 18 12:32 snap
total 36
drwxr-xr-x 4 taras taras 4096 тра 29 15:26 Desktop
-rw-r--r-- 1 taras taras 5176 бер 17 20:58 errors.txt
drwxr-xr-x 2 taras taras 4096 чер  2 21:38 gg
drwxr-xr-x 6 taras taras 4096 тра 29 15:46 gitlab
drwxr-xr-x 2 taras taras 4096 бер  3 19:37 Pictures
drwxrwxr-x 5 taras taras 4096 тра 26 16:56 PycharmProjects
drwxr-xr-x 2 taras taras 4096 тра 27 12:48 scripts
drwxr-xr-x 3 taras taras 4096 бер 18 12:32 snap
total 36
drwxr-xr-x 4 taras taras 4096 тра 29 15:26 Desktop
-rw-r--r-- 1 taras taras 5176 бер 17 20:58 errors.txt
drwxr-xr-x 2 taras taras 4096 чер  2 21:38 gg
drwxr-xr-x 6 taras taras 4096 тра 29 15:46 gitlab
drwxr-xr-x 2 taras taras 4096 бер  3 19:37 Pictures
drwxrwxr-x 5 taras taras 4096 тра 26 16:56 PycharmProjects
drwxr-xr-x 2 taras taras 4096 тра 27 12:48 scripts
drwxr-xr-x 3 taras taras 4096 бер 18 12:32 snap
total 36
drwxr-xr-x 4 taras taras 4096 тра 29 15:26 Desktop
-rw-r--r-- 1 taras taras 5176 бер 17 20:58 errors.txt
drwxr-xr-x 2 taras taras 4096 чер  2 21:38 gg
drwxr-xr-x 6 taras taras 4096 тра 29 15:46 gitlab
drwxr-xr-x 2 taras taras 4096 бер  3 19:37 Pictures
drwxrwxr-x 5 taras taras 4096 тра 26 16:56 PycharmProjects
drwxr-xr-x 2 taras taras 4096 тра 27 12:48 scripts
drwxr-xr-x 3 taras taras 4096 бер 18 12:32 snap
